[1] 법령 fetch (29개)
  ✓ 건축법 (MST=273437) — 조문 166개
  ✓ 건축법 시행령 (MST=273503) — 조문 203개
  ✓ 건축법 시행규칙 (MST=283727) — 조문 99개
  ✓ 건축물의 피난ㆍ방화구조 등의 기준에 관한 규칙 (MST=279461) — 조문 53개
  ✓ 건축물의 설비기준 등에 관한 규칙 (MST=279459) — 조문 38개
  ✓ 건축물의 구조기준 등에 관한 규칙 (MST=267091) — 조문 71개
  ✓ 건축물대장의 기재 및 관리 등에 관한 규칙 (MST=273103) — 조문 43개
  ✓ 국토의 계획 및 이용에 관한 법률 (MST=280113) — 조문 182개
  ✓ 국토의 계획 및 이용에 관한 법률 시행령 (MST=284689) — 조문 219개
  ✓ 국토의 계획 및 이용에 관한 법률 시행규칙 (MST=284531) — 조문 59개
  ✓ 주차장법 (MST=280143) — 조문 71개
  ✓ 주차장법 시행령 (MST=273373) — 조문 53개
  ✓ 주차장법 시행규칙 (MST=279253) — 조문 59개
  ✓ 건축물의 분양에 관한 법률 (MST=280065) — 조문 19개
  ✓ 건축물의 분양에 관한 법률 시행령 (MST=285171) — 조문 20개
  ✓ 건축물의 분양에 관한 법률 시행규칙 (MST=236695) — 조문 10개
  ✓ 녹색건축물 조성 지원법 (MST=268779) — 조문 46개
  ✓ 녹색건축물 조성 지원법 시행령 (MST=285225) — 조문 34개
  ✓ 녹색건축물 조성 지원법 시행규칙 (MST=267443) — 조문 26개
  ⚠ 정확 일치 없음, 첫 결과 사용: 도시교통정비촉진법 → 도시교통정비 촉진법
  ✓ 도시교통정비 촉진법 (MST=280121) — 조문 71개
  ⚠ 정확 일치 없음, 첫 결과 사용: 도시교통정비촉진법 시행령 → 도시교통정비 촉진법 시행령
  ✓ 도시교통정비 촉진법 시행령 (MST=284951) — 조문 70개
  ✓ 환경영향평가법 (MST=276833) — 조문 90개
  ✓ 환경영향평가법 시행령 (MST=279237) — 조문 123개
  ✓ 경관법 (MST=276931) — 조문 34개
  ✓ 경관법 시행령 (MST=277919) — 조문 27개
  ✓ 지하안전관리에 관한 특별법 (MST=271251) — 조문 58개
  ✓ 지하안전관리에 관한 특별법 시행령 (MST=283007) — 조문 62개
  ✓ 자연재해대책법 (MST=276321) — 조문 134개
  ✓ 자연재해대책법 시행령 (MST=282993) — 조문 128개

[1.5] 행정규칙(고시) fetch (18개)
  ✓ [고시] 건축물 면적, 높이 등 세부 산정기준 (ID=2100000207655) — 조문 3개
  ✓ [고시] 건축물의 에너지절약설계기준 (ID=2100000269510) — 조문 40개
  ✓ [고시] 건축물 안전영향평가 세부기준 (ID=2100000278188) — 조문 10개
  ✓ [고시] 건축물의 화재안전성능보강 방법 등에 관한 기준 (ID=2100000188789) — 조문 7개
  ✓ [고시] 건축자재등 품질인정 및 관리기준 (ID=2100000264534) — 조문 53개
  ✓ [고시] 건축물 해체계획서의 작성 및 감리업무 등에 관한 기준 (ID=2100000213462) — 조문 40개
  ✓ [고시] 건축물관리계획 작성기준 (ID=2100000189025) — 조문 2개
  ✓ [고시] 건축물의 설계도서 작성기준 (ID=2100000251374) — 조문 2개
  ✗ 행정규칙 검색 결과 없음: 공동주택 결로 방지를 위한 설계기준
  ✓ [고시] 범죄예방 건축기준 고시 (ID=2100000202409) — 조문 16개
  ✓ [고시] 실내건축의 구조·시공방법 등에 관한 기준 (ID=2100000272946) — 조문 12개
  ✓ [고시] 녹색건축 인증 기준 (ID=2200000107969) — 조문 29개
  ✓ [고시] 제로에너지건축물 인증 기준 (ID=2100000251410) — 조문 17개
  ✓ [고시] 지능형건축물 인증기준 (ID=2100000196952) — 조문 22개
  ✓ [고시] 특수구조 건축물 대상기준 (ID=2100000171418) — 조문 3개
  ✓ [고시] 에너지절약형 친환경주택의 건설기준 (ID=2100000260256) — 조문 34개
  ✓ [고시] 기존 건축물의 에너지성능 개선기준 (ID=2100000251532) — 조문 17개
  ⚠ 본문 텍스트 없음(hwp 첨부 추정) — 스킵: 건축구조기준

[1.6] 자치법규(조례) fetch (309개)
  ✓ 경기도 도시계획 조례 (MST=1838855) — 조문 32개
  ✓ 경기도 건축 조례 (MST=2072095) — 조문 33개
  ✓ 서울특별시 도시계획 조례 (MST=2116657) — 조문 88개
  ✓ 서울특별시 건축 조례 (MST=2116749) — 조문 69개
  ✓ 서울특별시 주차장 설치 및 관리 조례 (MST=2116611) — 조문 48개
  ✓ 서울특별시 녹색건축물 조성 지원 조례 (MST=2070489) — 조문 16개
  ✓ 부산광역시 도시계획 조례 (MST=2120465) — 조문 84개
  ✓ 부산광역시 건축 조례 (MST=2112259) — 조문 84개
  ✓ 부산광역시 주차장 설치 및 관리 조례 (MST=2120413) — 조문 43개
  ✓ 부산광역시 녹색건축물 조성 지원 조례 (MST=2008463) — 조문 15개
  ✓ 인천광역시 도시계획 조례 (MST=2104535) — 조문 116개
  ✓ 인천광역시 건축 조례 (MST=2084969) — 조문 68개
  ✓ 인천광역시 주차장 설치 및 관리 조례 (MST=2073095) — 조문 44개
  ✓ 인천광역시 녹색건축물 조성 지원 조례 (MST=1605945) — 조문 17개
  ✓ 대구광역시 도시계획 조례 (MST=2128915) — 조문 127개
  ✓ 대구광역시 건축 조례 (MST=2128875) — 조문 51개
  ✓ 대구광역시 주차장 설치 및 관리 조례 (MST=2091151) — 조문 40개
  ✓ 대구광역시 녹색건축물 조성 지원 조례 (MST=1588895) — 조문 19개
  ✓ 대전광역시 도시계획 조례 (MST=2110261) — 조문 76개
  ✓ 대전광역시 건축 조례 (MST=2122111) — 조문 58개
  ✓ 대전광역시 주차장 조례 (MST=2098193) — 조문 30개
  ✓ 대전광역시 녹색건축물 조성 지원 조례 (MST=1438947) — 조문 8개
  ✓ 광주광역시 도시계획 조례 (MST=2084475) — 조문 112개
  ✓ 광주광역시 건축 조례 (MST=2084489) — 조문 68개
  ✓ 광주광역시 주차장 조례 (MST=2084493) — 조문 32개
  ✓ 광주광역시 녹색건축물 조성 지원 조례 (MST=1909353) — 조문 20개
  ✓ 울산광역시 도시계획 조례 (MST=2120867) — 조문 85개
  ✓ 울산광역시 건축 조례 (MST=2081597) — 조문 99개
  ✓ 울산광역시 주차장 설치 및 관리 조례 (MST=2026989) — 조문 37개
  ✓ 울산광역시 녹색건축물 조성 지원 조례 (MST=1752547) — 조문 14개
  ✓ 세종특별자치시 도시계획 조례 (MST=2113473) — 조문 96개
  ✓ 세종특별자치시 건축 조례 (MST=2028315) — 조문 64개
  ✓ 세종특별자치시 주차장 설치 및 관리 조례 (MST=2056965) — 조문 37개
  ✓ 세종특별자치시 녹색건축물 조성 지원 조례 (MST=1589831) — 조문 13개
  ✓ 제주특별자치도 도시계획 조례 (MST=2096577) — 조문 96개
  ✓ 제주특별자치도 건축 조례 (MST=2104835) — 조문 82개
  ✓ 제주특별자치도 주차장 설치 및 관리 조례 (MST=2087981) — 조문 54개
  ✓ 제주특별자치도 녹색건축물 조성 지원 조례 (MST=2075843) — 조문 18개
  ✓ 수원시 도시계획 조례 (MST=2102141) — 조문 99개
  ✓ 수원시 건축 조례 (MST=2117949) — 조문 59개
  ✓ 수원시 주차장 조례 (MST=2054111) — 조문 50개
  ✓ 수원시 녹색건축물 조성 지원 조례 (MST=1930121) — 조문 19개
  ✓ 용인시 도시계획 조례 (MST=2102461) — 조문 98개
  ✓ 용인시 건축 조례 (MST=2047387) — 조문 61개
  ✓ 용인시 주차장 설치 및 관리 조례 (MST=2106161) — 조문 57개
  ✓ 용인시 녹색건축물 조성 지원 조례 (MST=1723039) — 조문 18개
  ✓ 고양시 도시계획 조례 (MST=2086131) — 조문 112개
  ✓ 고양시 건축 조례 (MST=2011341) — 조문 59개
  ✓ 고양시 주차장 설치 및 관리 조례 (MST=2109927) — 조문 64개
  ✓ 고양시 녹색건축물 조성 지원 조례 (MST=1930259) — 조문 24개
  ✓ 성남시 도시계획 조례 (MST=2111431) — 조문 96개
hwp5html 변환 실패: [Errno 2] No such file or directory: 'C:\\Users\\20260102\\AppData\\Local\\Temp\\tmpg03fx_z2\\html\\index.xhtml'
hwp5html 변환 실패: Command '['D:\\APPS\\arch-law-diagnose\\backend\\.venv\\Scripts\\hwp5html.exe', '--output', 'C:\\Users\\20260102\\AppData\\Local\\Temp\\tmp5a6hq0_k\\html', 'C:\\Users\\20260102\\AppData\\Local\\Temp\\tmp5a6hq0_k\\bp.hwp']' returned non-zero exit status 1.
  ✓ 성남시 건축 조례 (MST=2019919) — 조문 55개
  ✓ 성남시 주차장 설치 및 관리 운영에 관한 조례 (MST=2122295) — 조문 54개
  ✓ 성남시 녹색건축물 조성 지원 조례 (MST=2111401) — 조문 20개
  ✓ 부천시 도시계획 조례 (MST=2109243) — 조문 91개
  ✓ 부천시 건축 조례 (MST=2095387) — 조문 75개
  ✓ 부천시 주차장 설치 및 관리 조례 (MST=2130259) — 조문 55개
  ✓ 부천시 녹색건축물 조성 지원 조례 (MST=1682121) — 조문 14개
  ✓ 화성시 도시계획 조례 (MST=2115001) — 조문 106개
  ✓ 화성시 건축 조례 (MST=2108305) — 조문 53개
  ✓ 화성시 주차장 설치 및 관리 조례 (MST=2124973) — 조문 55개
  ✓ 화성시 녹색건축물 조성 지원 조례 (MST=1985619) — 조문 18개
  ✓ 안산시 도시계획 조례 (MST=2067975) — 조문 94개
  ✓ 안산시 건축 조례 (MST=2126365) — 조문 45개
  ✓ 안산시 주차장 조례 (MST=2126431) — 조문 49개
  ✓ 안산시 녹색건축물 조성 지원 조례 (MST=1215319) — 조문 10개
  ✓ 남양주시 도시계획 조례 (MST=2099095) — 조문 77개
  ✓ 남양주시 건축 조례 (MST=2129563) — 조문 47개
  ✓ 남양주시 주차장 조례 (MST=2112523) — 조문 50개
  ✓ 남양주시 녹색건축물 조성 지원 조례 (MST=1417201) — 조문 15개
  ✓ 안양시 도시계획 조례 (MST=2117933) — 조문 84개
  ✓ 안양시 건축 조례 (MST=2005099) — 조문 50개
  ✓ 안양시 주차장 설치 및 관리 조례 (MST=2102223) — 조문 41개
  ✓ 안양시 녹색건축물 조성 지원 조례 (MST=2005101) — 조문 35개
  ✓ 평택시 도시계획 조례 (MST=2122835) — 조문 101개
  ✓ 평택시 건축 조례 (MST=2019005) — 조문 51개
  ✓ 평택시 주차장 설치 및 관리 조례 (MST=2099063) — 조문 43개
  ✓ 평택시 녹색건축물 조성 지원 조례 (MST=1627461) — 조문 13개
  ✓ 시흥시 도시계획 조례 (MST=2118597) — 조문 70개
  ✓ 시흥시 건축 조례 (MST=2128053) — 조문 69개
  ✓ 시흥시 주차장 설치 및 관리 조례 (MST=2128143) — 조문 31개
  ✓ 시흥시 녹색건축물 조성 지원 조례 (MST=2077021) — 조문 18개
  ✓ 파주시 도시계획 조례 (MST=2022815) — 조문 107개
  ✓ 파주시 건축 조례 (MST=2022817) — 조문 51개
  ✓ 파주시 주차장 설치 및 관리 조례 (MST=2084279) — 조문 57개
  ✓ 파주시 녹색건축물 조성 지원 조례 (MST=2022819) — 조문 14개
  ✓ 김포시 도시계획 조례 (MST=2036273) — 조문 91개
  ✓ 김포시 건축조례 (MST=1978811) — 조문 57개
  ✓ 김포시 주차장 조례 (MST=2028079) — 조문 38개
  ✓ 김포시 녹색건축물 조성 지원 조례 (MST=1539613) — 조문 13개
  ✓ 의정부시 도시계획 조례 (MST=2072835) — 조문 83개
  ✓ 의정부시 건축 조례 (MST=2107039) — 조문 59개
  ✓ 의정부시 주차장 설치 및 관리 조례 (MST=2107023) — 조문 33개
  ✓ 의정부시 녹색건축물 조성 지원 조례 (MST=1254623) — 조문 10개
  ✓ 광명시 도시계획 조례 (MST=2095423) — 조문 64개
  ✓ 광명시 건축 조례 (MST=2019977) — 조문 53개
  ✓ 광명시 주차장 설치 및 관리 조례 (MST=2116323) — 조문 46개
  ✓ 광명시 녹색건축물 조성 지원 조례 (MST=1632627) — 조문 20개
  ✓ 군포시 도시계획 조례 (MST=2077621) — 조문 87개
  ✓ 군포시 건축 조례 (MST=2021999) — 조문 49개
  ✓ 군포시 주차장 설치 및 관리 조례 (MST=1990477) — 조문 42개
  ✓ 군포시 녹색건축물 조성 지원 조례 (MST=1294835) — 조문 10개
  ✓ 하남시 도시계획 조례 (MST=2064475) — 조문 86개
  ✓ 하남시 건축 조례 (MST=2076419) — 조문 53개
  ✓ 하남시 주차장 조례 (MST=1844801) — 조문 36개
  ✓ 하남시 녹색건축물 조성 지원 조례 (MST=1583537) — 조문 17개
  ✓ 오산시 도시계획 조례 (MST=2127873) — 조문 78개
  ✓ 오산시 건축 조례 (MST=2088099) — 조문 45개
  ✓ 오산시 주차장 조례 (MST=2127813) — 조문 44개
  ✓ 오산시 저탄소 녹색건축물 지원 조례 (MST=821731) — 조문 8개
  ✓ 양주시 도시계획 조례 (MST=2088967) — 조문 103개
  ✓ 양주시 건축 조례 (MST=2126151) — 조문 57개
  ✓ 양주시 주차장 조례 (MST=2108757) — 조문 37개
  ✓ 양주시 녹색건축물 조성 지원 조례 (MST=1256679) — 조문 17개
  ✓ 이천시 도시계획 조례 (MST=2113131) — 조문 90개
  ✓ 이천시 건축 조례 (MST=2083339) — 조문 67개
  ✓ 이천시 주차장 설치 및 관리 조례 (MST=2040013) — 조문 61개
  ✓ 이천시 녹색건축물 조성 지원 조례 (MST=1247174) — 조문 14개
  ✓ 구리시 도시계획 조례 (MST=2089953) — 조문 102개
  ✓ 구리시 건축 조례 (MST=1939689) — 조문 48개
  ✓ 구리시 주차장 조례 (MST=2119297) — 조문 43개
  ✓ 구리시 녹색건축물 조성 지원 조례 (MST=1603825) — 조문 13개
  ✓ 안성시 도시계획 조례 (MST=2121099) — 조문 109개
  ✓ 안성시 건축 조례 (MST=2115247) — 조문 54개
  ✓ 안성시 주차장 설치 및 관리조례 (MST=2115243) — 조문 31개
  ✓ 안성시 녹색건축물 조성 지원 조례 (MST=1252081) — 조문 17개
  ✓ 포천시 도시계획 조례 (MST=2121989) — 조문 92개
  ✓ 포천시 건축 조례 (MST=2095735) — 조문 62개
  ✓ 포천시 주차장 설치 및 관리 조례 (MST=2095709) — 조문 38개
  ✓ 포천시 녹색건축물 조성 지원 조례 (MST=1858369) — 조문 14개
  ✓ 의왕시 도시계획 조례 (MST=2002325) — 조문 90개
  ✓ 의왕시 건축 조례 (MST=1884219) — 조문 54개
  ✓ 의왕시 주차장설치 및 관리 조례 (MST=2128165) — 조문 1개
  ✓ 의왕시 녹색건축물 조성 지원 조례 (MST=1702179) — 조문 9개
  ✓ 여주시 도시계획 조례 (MST=2095885) — 조문 91개
  ✓ 여주시 건축 조례 (MST=2122479) — 조문 50개
  ✓ 여주시 주차장 조례 (MST=2049793) — 조문 25개
  ✓ 여주시 녹색건축물 조성 지원 조례 (MST=1268345) — 조문 11개
  ✓ 동두천시 도시계획 조례 (MST=2127631) — 조문 78개
  ✓ 동두천시 건축 조례 (MST=2127711) — 조문 54개
  ✓ 동두천시 주차장 설치 및 관리 조례 (MST=2127619) — 조문 32개
  ✓ 동두천시 녹색건축물 조성 지원 조례 (MST=1967677) — 조문 10개
  ✓ 과천시 도시계획 조례 (MST=2078539) — 조문 92개
  ✓ 과천시 건축 조례 (MST=1927741) — 조문 46개
  ✓ 과천시 주차장 조례 (MST=2095451) — 조문 46개
  ✓ 과천시 녹색건축물 조성 지원 조례 (MST=1313983) — 조문 14개
  ✓ 광주시 도시계획 조례 (MST=2123363) — 조문 107개
  ✓ 광주시 건축 조례 (MST=2029603) — 조문 53개
  ✓ 광주시 주차장 설치 및 관리 조례 (MST=2123333) — 조문 43개
  ✓ 광주시 녹색건축물 조성 지원 조례 (MST=1260262) — 조문 14개
  ✓ 춘천시 도시계획 조례 (MST=2112587) — 조문 93개
  ✓ 춘천시 건축 조례 (MST=2088199) — 조문 50개
  ✓ 춘천시 주차장 설치 및 관리 조례 (MST=2125495) — 조문 44개
  ✓ 춘천시 녹색건축물 조성 지원 조례 (MST=1420073) — 조문 10개
  ✓ 원주시 도시계획 조례 (MST=2106795) — 조문 96개
  ✓ 원주시 건축 조례 (MST=2106793) — 조문 57개
  ✓ 원주시 주차장 설치 및 관리 조례 (MST=2109995) — 조문 46개
  ✓ 원주시 녹색건축물 조성 지원 조례 (MST=1920873) — 조문 8개
  ✓ 강릉시 도시계획 조례 (MST=2102673) — 조문 109개
  ✓ 강릉시 건축 조례 (MST=2071113) — 조문 51개
  ✓ 강릉시 주차장 설치 및 관리 조례 (MST=1969911) — 조문 41개
  ✓ 동해시 도시계획 조례 (MST=2091767) — 조문 94개
hwp5html 변환 실패: Command '['D:\\APPS\\arch-law-diagnose\\backend\\.venv\\Scripts\\hwp5html.exe', '--output', 'C:\\Users\\20260102\\AppData\\Local\\Temp\\tmpqht90756\\html', 'C:\\Users\\20260102\\AppData\\Local\\Temp\\tmpqht90756\\bp.hwp']' returned non-zero exit status 1.
hwp5html 변환 실패: Command '['D:\\APPS\\arch-law-diagnose\\backend\\.venv\\Scripts\\hwp5html.exe', '--output', 'C:\\Users\\20260102\\AppData\\Local\\Temp\\tmpx08j5dsf\\html', 'C:\\Users\\20260102\\AppData\\Local\\Temp\\tmpx08j5dsf\\bp.hwp']' returned non-zero exit status 1.
hwp5html 변환 실패: Command '['D:\\APPS\\arch-law-diagnose\\backend\\.venv\\Scripts\\hwp5html.exe', '--output', 'C:\\Users\\20260102\\AppData\\Local\\Temp\\tmpuluonpnx\\html', 'C:\\Users\\20260102\\AppData\\Local\\Temp\\tmpuluonpnx\\bp.hwp']' returned non-zero exit status 1.
hwp5html 변환 실패: Command '['D:\\APPS\\arch-law-diagnose\\backend\\.venv\\Scripts\\hwp5html.exe', '--output', 'C:\\Users\\20260102\\AppData\\Local\\Temp\\tmpj2q9xpqv\\html', 'C:\\Users\\20260102\\AppData\\Local\\Temp\\tmpj2q9xpqv\\bp.hwp']' returned non-zero exit status 1.
hwp5html 변환 실패: Command '['D:\\APPS\\arch-law-diagnose\\backend\\.venv\\Scripts\\hwp5html.exe', '--output', 'C:\\Users\\20260102\\AppData\\Local\\Temp\\tmpq4qla2d0\\html', 'C:\\Users\\20260102\\AppData\\Local\\Temp\\tmpq4qla2d0\\bp.hwp']' returned non-zero exit status 1.
  ✓ 동해시 건축 조례 (MST=2129057) — 조문 52개
  ✓ 동해시 주차장 설치 및 관리 조례 (MST=2068013) — 조문 48개
  ✓ 동해시 녹색건축물 조성 지원 조례 (MST=1603729) — 조문 13개
  ✓ 태백시 도시계획 조례 (MST=2110049) — 조문 92개
  ✓ 태백시 건축 조례 (MST=2056769) — 조문 50개
  ✓ 태백시 주차장 설치 및 관리 조례 (MST=2076445) — 조문 36개
  ✓ 속초시 도시계획 조례 (MST=2121085) — 조문 66개
  ✓ 속초시 건축 조례 (MST=2079369) — 조문 57개
  ✓ 속초시 주차장 설치 및 관리 조례 (MST=2094535) — 조문 39개
  ✓ 삼척시 도시계획 조례 (MST=2063433) — 조문 51개
  ✓ 삼척시 건축 조례 (MST=1964129) — 조문 57개
  ✓ 삼척시 주차장 설치 및 관리 조례 (MST=2117179) — 조문 58개
  ✓ 청주시 도시계획 조례 (MST=2122093) — 조문 111개
  ✓ 청주시 건축 조례 (MST=2122075) — 조문 46개
  ✓ 청주시 주차장 조례 (MST=2055959) — 조문 34개
  ✓ 청주시 녹색건축물 조성 지원 조례 (MST=1729613) — 조문 14개
  ✓ 충주시 도시계획 조례 (MST=2126707) — 조문 100개
  ✓ 충주시 건축 조례 (MST=2126689) — 조문 49개
  ✓ 충주시 주차장 조례 (MST=2126709) — 조문 30개
  ✓ 제천시 도시계획 조례 (MST=2128449) — 조문 101개
  ✓ 제천시 건축 조례 (MST=2128451) — 조문 53개
  ✓ 제천시 주차장 설치 및 관리 조례 (MST=2115437) — 조문 44개
  ✓ 천안시 도시계획 조례 (MST=1932763) — 조문 103개
  ✓ 천안시 건축 조례 (MST=2084345) — 조문 53개
  ✓ 천안시 주차장 조례 (MST=1939871) — 조문 44개
  ✓ 천안시 녹색건축물 조성 지원 조례 (MST=1968823) — 조문 12개
  ✓ 공주시 도시계획 조례 (MST=2092049) — 조문 84개
  ✓ 공주시 건축 조례 (MST=2122877) — 조문 46개
  ✓ 공주시 주차장 조례 (MST=2122883) — 조문 32개
  ✓ 보령시 도시계획 조례 (MST=2083897) — 조문 93개
  ✓ 보령시 건축 조례 (MST=2066811) — 조문 48개
  ✓ 보령시 주차장 조례 (MST=2066813) — 조문 31개
  ✓ 보령시 녹색건축물 조성 지원 조례 (MST=1905335) — 조문 12개
  ✓ 아산시 도시계획 조례 (MST=2111831) — 조문 100개
  ✓ 아산시 건축 조례 (MST=2111833) — 조문 60개
  ✓ 아산시 주차장 조례 (MST=2079413) — 조문 34개
  ✓ 아산시 녹색건축물 조성 지원 조례 (MST=2092119) — 조문 13개
  ✓ 서산시 도시계획 조례 (MST=2090923) — 조문 77개
  ✓ 서산시 건축 조례 (MST=1884433) — 조문 54개
  ✓ 서산시 주차장 조례 (MST=2063887) — 조문 31개
  ✓ 논산시 도시계획 조례 (MST=2095519) — 조문 90개
  ✓ 논산시 건축 조례 (MST=1911369) — 조문 50개
  ✓ 계룡시 도시계획 조례 (MST=2088919) — 조문 91개
  ✓ 계룡시 건축 조례 (MST=1913871) — 조문 58개
  ✓ 계룡시 주차장 설치 조례 (MST=2091087) — 조문 30개
  ✓ 당진시 도시계획 조례 (MST=2092539) — 조문 73개
  ✓ 당진시 건축 조례 (MST=2092559) — 조문 55개
  ✓ 당진시 주차장 조례 (MST=2123395) — 조문 49개
  ✓ 당진시 녹색건축물 조성 지원 조례 (MST=1666279) — 조문 12개
  ✓ 전주시 도시계획 조례 (MST=2122435) — 조문 90개
  ✓ 전주시 건축 조례 (MST=2098561) — 조문 60개
  ✓ 전주시 주차장 조례 (MST=2087171) — 조문 48개
  ✓ 전주시 녹색건축물 조성 지원 조례 (MST=1899039) — 조문 14개
  ✓ 군산시 도시계획 조례 (MST=2030847) — 조문 93개
  ✓ 군산시 건축 조례 (MST=1960951) — 조문 55개
  ✓ 군산시 주차장 조례 (MST=2092723) — 조문 50개
  ✓ 군산시 녹색건축물 조성 지원 조례 (MST=1882507) — 조문 16개
  ✓ 익산시 도시계획 조례 (MST=2103039) — 조문 93개
  ✓ 익산시 건축조례 (MST=2037215) — 조문 70개
  ✓ 익산시 주차장 설치 및 관리 조례 (MST=2084745) — 조문 44개
  ✓ 익산시 녹색건축물 조성 지원 조례 (MST=1913787) — 조문 10개
  ✓ 정읍시 도시계획 조례 (MST=2121657) — 조문 94개
  ✓ 정읍시 건축 조례 (MST=1905537) — 조문 45개
  ✓ 정읍시 주차장 조례 (MST=2128523) — 조문 32개
  ✓ 정읍시 녹색건축물 조성 지원 조례 (MST=1690279) — 조문 15개
  ✓ 남원시 도시계획 조례 (MST=2093179) — 조문 104개
  ✓ 남원시 건축 조례 (MST=2059059) — 조문 50개
  ✓ 남원시 주차장 조례 (MST=2119645) — 조문 39개
  ✓ 김제시 도시계획 조례 (MST=2092743) — 조문 97개
  ✓ 김제시 건축 조례 (MST=2112713) — 조문 53개
  ✓ 김제시 주차장 조례 (MST=2087227) — 조문 31개
  ✓ 목포시 도시계획 조례 (MST=2099295) — 조문 100개
  ✓ 목포시 건축 조례 (MST=2100691) — 조문 57개
  ✓ 목포시 주차장 설치 및 관리 조례 (MST=1831167) — 조문 26개
  ✓ 여수시 도시계획 조례 (MST=2090475) — 조문 53개
  ✓ 여수시 건축 조례 (MST=2113323) — 조문 47개
  ✓ 여수시 주차장 조례 (MST=2074037) — 조문 47개
  ✓ 순천시 도시계획 조례 (MST=2113913) — 조문 97개
  ✓ 순천시 건축 조례 (MST=2047973) — 조문 48개
  ✓ 순천시 주차장 설치 및 관리 조례 (MST=2074069) — 조문 44개
  ✓ 순천시 녹색건축물 조성 지원 조례 (MST=1786447) — 조문 16개
  ✓ 나주시 도시계획 조례 (MST=2103137) — 조문 111개
  ✓ 나주시 건축 조례 (MST=2113941) — 조문 52개
  ✓ 나주시 주차장설치 및 관리 조례 (MST=2053221) — 조문 37개
  ✓ 나주시 녹색건축물 조성 지원 조례 (MST=1895425) — 조문 11개
  ✓ 광양시 도시계획 조례 (MST=2105463) — 조문 106개
  ✓ 광양시 건축 조례 (MST=2105721) — 조문 48개
  ✓ 광양시 주차장 조례 (MST=1988175) — 조문 29개
  ✓ 포항시 도시계획 조례 (MST=2106311) — 조문 78개
  ✓ 포항시 건축 조례 (MST=2110467) — 조문 64개
  ✓ 포항시 주차장 설치 및 관리 조례 (MST=2075501) — 조문 40개
  ✓ 포항시 녹색건축물 조성 지원 조례 (MST=2091041) — 조문 15개
  ✓ 경주시 도시계획 조례 (MST=2057435) — 조문 122개
  ✓ 경주시 건축 조례 (MST=2075527) — 조문 53개
  ✓ 경주시 주차장 조례 (MST=2112099) — 조문 37개
  ✓ 김천시 도시계획 조례 (MST=2112719) — 조문 99개
  ✓ 김천시 건축 조례 (MST=2098025) — 조문 44개
  ✓ 김천시 주차장 설치 및 관리 조례 (MST=1985395) — 조문 31개
  ✓ 안동시 도시계획 조례 (MST=2103263) — 조문 98개
  ✓ 안동시 건축 조례 (MST=2121729) — 조문 54개
  ✓ 안동시 주차장 조례 (MST=2051383) — 조문 36개
  ✓ 안동시 녹색건축물 조성 지원 조례 (MST=1582695) — 조문 13개
  ✓ 구미시 도시계획 조례 (MST=1970211) — 조문 107개
  ✓ 구미시 건축 조례 (MST=2034569) — 조문 44개
  ✓ 구미시 주차장 설치 및 관리 조례 (MST=2103323) — 조문 44개
  ✓ 구미시 녹색건축물 조성 지원 조례 (MST=2118433) — 조문 9개
  ✓ 영주시 도시계획 조례 (MST=2099533) — 조문 97개
  ✓ 영주시 건축 조례 (MST=2125975) — 조문 49개
  ✓ 영주시 주차장 조례 (MST=2125925) — 조문 31개
  ✓ 영천시 도시계획 조례 (MST=2000711) — 조문 97개
  ✓ 영천시 건축 조례 (MST=1971041) — 조문 45개
  ✓ 영천시 주차장 조례 (MST=2087811) — 조문 52개
  ✓ 상주시 도시계획 조례 (MST=2116275) — 조문 101개
  ✓ 상주시 건축조례 (MST=2103425) — 조문 44개
  ✓ 상주시 주차장 조례 (MST=2116149) — 조문 37개
  ✓ 문경시 도시계획 조례 (MST=2100779) — 조문 95개
  ✓ 문경시 건축 조례 (MST=2024865) — 조문 40개
  ✓ 문경시 주차장 조례 (MST=1652921) — 조문 23개
  ✓ 경산시 도시계획 조례 (MST=2106343) — 조문 122개
  ✓ 경산시 건축 조례 (MST=2054629) — 조문 50개
  ✓ 경산시 주차장 조례 (MST=2072899) — 조문 31개
  ✓ 창원시 도시계획 조례 (MST=2110201) — 조문 102개
  ✓ 창원시 건축 조례 (MST=2129943) — 조문 56개
  ✓ 창원시 주차장 설치 및 관리 조례 (MST=2074311) — 조문 32개
  ✓ 창원시 녹색건축물 조성 지원 조례 (MST=1848069) — 조문 13개
  ✓ 진주시 도시계획조례 (MST=2127421) — 조문 95개
  ✓ 진주시 건축조례 (MST=2027599) — 조문 53개
  ✓ 진주시 주차장 조례 (MST=1816703) — 조문 31개
  ✓ 통영시 도시계획조례 (MST=2105587) — 조문 96개
  ✓ 통영시 건축 조례 (MST=2105589) — 조문 57개
  ✓ 통영시 주차장 조례 (MST=2039005) — 조문 43개
  ✓ 사천시 도시계획조례 (MST=2112751) — 조문 95개
  ✓ 사천시 건축조례 (MST=2112675) — 조문 59개
  ✓ 사천시 주차장 조례 (MST=2112747) — 조문 35개
  ✓ 김해시 도시계획 조례 (MST=2118405) — 조문 105개
  ✓ 김해시 건축 조례 (MST=2037311) — 조문 58개
  ✓ 김해시 주차장 설치 및 관리 조례 (MST=1702561) — 조문 49개
  ✓ 밀양시 도시계획 조례 (MST=2035513) — 조문 100개
  ✓ 밀양시 건축 조례 (MST=1909271) — 조문 47개
  ✓ 밀양시 주차장 조례 (MST=2064985) — 조문 31개
  ✓ 거제시 도시계획 조례 (MST=2120831) — 조문 119개
  ✓ 거제시 건축 조례 (MST=2133929) — 조문 54개
  ✓ 거제시 주차장 조례 (MST=2120833) — 조문 43개
  ✓ 양산시 도시계획 조례 (MST=2091561) — 조문 98개
  ✓ 양산시 건축조례 (MST=2118723) — 조문 54개
  ✓ 양산시 주차장 설치 및 관리조례 (MST=2050693) — 조문 30개
  ✓ 양산시 녹색건축물 조성 지원 조례 (MST=1481853) — 조문 9개

[2] 엣지 추출

[2.5] 판례(대법원) fetch
  ✓ 판례 100건, 조문 연결 270건

[2.6] 법령해석례 fetch
  ✓ 해석례 150건, 조문 연결 1307건

[3] 저장 완료 → D:\APPS\arch-law-graph\data\graph.json
  law=29  고시=16  조례=309  판례=100  해석례=150  node=25235  edge=71804
  edge_types={'contains': 21895, 'delegates': 20, 'references': 24189, 'cross_law': 17360, 'byeolpyo': 6782, 'applied': 251, 'interpreted': 1307}
