[1] 법령 fetch (29개)
  ✓ 건축법 (MST=273437) — 조문 166개
  ✓ 건축법 시행령 (MST=273503) — 조문 203개
  ✓ 건축법 시행규칙 (MST=283727) — 조문 99개
  ✓ 건축물의 피난ㆍ방화구조 등의 기준에 관한 규칙 (MST=279461) — 조문 53개
  ✓ 건축물의 설비기준 등에 관한 규칙 (MST=279459) — 조문 38개
  ✓ 건축물의 구조기준 등에 관한 규칙 (MST=267091) — 조문 71개
  ✓ 건축물대장의 기재 및 관리 등에 관한 규칙 (MST=273103) — 조문 43개
  ✓ 국토의 계획 및 이용에 관한 법률 (MST=280113) — 조문 182개
  ✓ 국토의 계획 및 이용에 관한 법률 시행령 (MST=284689) — 조문 219개
  ✓ 국토의 계획 및 이용에 관한 법률 시행규칙 (MST=284531) — 조문 59개
  ✓ 주차장법 (MST=280143) — 조문 71개
  ✓ 주차장법 시행령 (MST=273373) — 조문 53개
  ✓ 주차장법 시행규칙 (MST=279253) — 조문 59개
  ✓ 건축물의 분양에 관한 법률 (MST=280065) — 조문 19개
  ✓ 건축물의 분양에 관한 법률 시행령 (MST=285171) — 조문 20개
  ✓ 건축물의 분양에 관한 법률 시행규칙 (MST=236695) — 조문 10개
  ✓ 녹색건축물 조성 지원법 (MST=268779) — 조문 46개
  ✓ 녹색건축물 조성 지원법 시행령 (MST=285225) — 조문 34개
  ✓ 녹색건축물 조성 지원법 시행규칙 (MST=267443) — 조문 26개
  ⚠ 정확 일치 없음, 첫 결과 사용: 도시교통정비촉진법 → 도시교통정비 촉진법
  ✓ 도시교통정비 촉진법 (MST=280121) — 조문 71개
  ⚠ 정확 일치 없음, 첫 결과 사용: 도시교통정비촉진법 시행령 → 도시교통정비 촉진법 시행령
  ✓ 도시교통정비 촉진법 시행령 (MST=284951) — 조문 70개
  ✓ 환경영향평가법 (MST=276833) — 조문 90개
  ✓ 환경영향평가법 시행령 (MST=279237) — 조문 123개
  ✓ 경관법 (MST=276931) — 조문 34개
  ✓ 경관법 시행령 (MST=277919) — 조문 27개
  ✓ 지하안전관리에 관한 특별법 (MST=271251) — 조문 58개
  ✓ 지하안전관리에 관한 특별법 시행령 (MST=283007) — 조문 62개
  ✓ 자연재해대책법 (MST=276321) — 조문 134개
  ✓ 자연재해대책법 시행령 (MST=282993) — 조문 128개

[1.5] 행정규칙(고시) fetch (18개)
  ✓ [고시] 건축물 면적, 높이 등 세부 산정기준 (ID=2100000207655) — 조문 3개
  ✓ [고시] 건축물의 에너지절약설계기준 (ID=2100000269510) — 조문 40개
  ✓ [고시] 건축물 안전영향평가 세부기준 (ID=2100000278188) — 조문 10개
  ✓ [고시] 건축물의 화재안전성능보강 방법 등에 관한 기준 (ID=2100000188789) — 조문 7개
  ✓ [고시] 건축자재등 품질인정 및 관리기준 (ID=2100000264534) — 조문 53개
  ✓ [고시] 건축물 해체계획서의 작성 및 감리업무 등에 관한 기준 (ID=2100000213462) — 조문 40개
  ✓ [고시] 건축물관리계획 작성기준 (ID=2100000189025) — 조문 2개
  ✓ [고시] 건축물의 설계도서 작성기준 (ID=2100000251374) — 조문 2개
  ✓ [고시] 공동주택 결로 방지를 위한 설계기준 (ID=2100000281108) — 조문 14개
  ✓ [고시] 범죄예방 건축기준 고시 (ID=2100000202409) — 조문 16개
  ✓ [고시] 실내건축의 구조·시공방법 등에 관한 기준 (ID=2100000272946) — 조문 12개
  ✓ [고시] 녹색건축 인증 기준 (ID=2200000107969) — 조문 29개
  ✓ [고시] 제로에너지건축물 인증 기준 (ID=2100000251410) — 조문 17개
  ✓ [고시] 지능형건축물 인증기준 (ID=2100000196952) — 조문 22개
  ✓ [고시] 특수구조 건축물 대상기준 (ID=2100000171418) — 조문 3개
  ✓ [고시] 에너지절약형 친환경주택의 건설기준 (ID=2100000260256) — 조문 34개
  ✓ [고시] 기존 건축물의 에너지성능 개선기준 (ID=2100000251532) — 조문 17개
  ⚠ 본문 텍스트 없음(hwp 첨부 추정) — 스킵: 건축구조기준

[1.6] 자치법규(조례) fetch (70개)
  ✓ 서울특별시 도시계획 조례 (MST=2116657) — 조문 88개
  ✓ 서울특별시 건축 조례 (MST=2116749) — 조문 69개
  ✓ 서울특별시 주차장 설치 및 관리 조례 (MST=2116611) — 조문 48개
  ✓ 서울특별시 도시계획 조례 시행규칙 (MST=1976247) — 조문 34개
  ✓ 부산광역시 도시계획 조례 (MST=2120465) — 조문 84개
  ✓ 부산광역시 건축 조례 (MST=2112259) — 조문 81개
  ✓ 부산광역시 주차장 설치 및 관리 조례 (MST=2120413) — 조문 38개
  ✓ 인천광역시 도시계획 조례 (MST=2104535) — 조문 116개
  ✓ 인천광역시 건축 조례 (MST=2084969) — 조문 67개
  ✓ 인천광역시 주차장 설치 및 관리 조례 (MST=2073095) — 조문 39개
  ✓ 대구광역시 도시계획 조례 (MST=2128915) — 조문 127개
  ✓ 대구광역시 건축 조례 (MST=2128875) — 조문 51개
  ✓ 대구광역시 주차장 설치 및 관리 조례 (MST=2091151) — 조문 39개
  ✓ 대전광역시 도시계획 조례 (MST=2110261) — 조문 76개
  ✓ 대전광역시 건축 조례 (MST=2122111) — 조문 58개
  ✓ 대전광역시 주차장 조례 (MST=2098193) — 조문 30개
  ✓ 광주광역시 도시계획 조례 (MST=2084475) — 조문 112개
  ✓ 광주광역시 건축 조례 (MST=2084489) — 조문 68개
  ✓ 광주광역시 주차장 조례 (MST=2084493) — 조문 32개
  ✓ 울산광역시 도시계획 조례 (MST=2120867) — 조문 85개
  ✓ 울산광역시 건축 조례 (MST=2081597) — 조문 96개
  ✓ 울산광역시 주차장 설치 및 관리 조례 (MST=2026989) — 조문 32개
  ✓ 세종특별자치시 도시계획 조례 (MST=2113473) — 조문 96개
  ✓ 세종특별자치시 건축 조례 (MST=2028315) — 조문 61개
  ✓ 세종특별자치시 주차장 설치 및 관리 조례 (MST=2056965) — 조문 31개
  ✓ 제주특별자치도 도시계획 조례 (MST=2096577) — 조문 96개
  ✓ 제주특별자치도 건축 조례 (MST=2104835) — 조문 81개
  ✓ 제주특별자치도 주차장 설치 및 관리 조례 (MST=2087981) — 조문 43개
  ✓ 수원시 도시계획 조례 (MST=2102141) — 조문 99개
  ✓ 수원시 건축 조례 (MST=2117949) — 조문 59개
  ✓ 용인시 도시계획 조례 (MST=2102461) — 조문 98개
  ✓ 용인시 건축 조례 (MST=2047387) — 조문 61개
  ✓ 용인시 주차장 설치 및 관리 조례 (MST=2106161) — 조문 49개
  ✓ 고양시 도시계획 조례 (MST=2086131) — 조문 112개
  ✓ 고양시 건축 조례 (MST=2011341) — 조문 56개
  ✓ 고양시 주차장 설치 및 관리 조례 (MST=2109927) — 조문 55개
  ✓ 창원시 도시계획 조례 (MST=2110201) — 조문 102개
  ✓ 창원시 건축 조례 (MST=2129943) — 조문 54개
  ✓ 창원시 주차장 설치 및 관리 조례 (MST=2074311) — 조문 25개
  ✓ 경기도 도시계획 조례 (MST=1838855) — 조문 32개
  ✓ 경기도 건축 조례 (MST=2072095) — 조문 33개
  ✓ 성남시 도시계획 조례 (MST=2111431) — 조문 96개
  ✓ 성남시 건축 조례 (MST=2019919) — 조문 54개
  ✓ 성남시 주차장 설치 및 관리 운영에 관한 조례 (MST=2122295) — 조문 46개
  ✓ 청주시 도시계획 조례 (MST=2122093) — 조문 111개
  ✓ 청주시 건축 조례 (MST=2122075) — 조문 46개
  ✓ 청주시 주차장 조례 (MST=2055959) — 조문 28개
  ✓ 전주시 도시계획 조례 (MST=2122435) — 조문 90개
  ✓ 전주시 건축 조례 (MST=2098561) — 조문 57개
  ✓ 전주시 주차장 조례 (MST=2087171) — 조문 42개
  ✓ 천안시 도시계획 조례 (MST=1932763) — 조문 103개
  ✓ 천안시 건축 조례 (MST=2084345) — 조문 52개
  ✓ 천안시 주차장 조례 (MST=1939871) — 조문 40개
  ✓ 서울특별시 녹색건축물 조성 지원 조례 (MST=2070489) — 조문 16개
  ✓ 부산광역시 녹색건축물 조성 지원 조례 (MST=2008463) — 조문 15개
  ✓ 인천광역시 녹색건축물 조성 지원 조례 (MST=1605945) — 조문 17개
  ✓ 대구광역시 녹색건축물 조성 지원 조례 (MST=1588895) — 조문 19개
  ✓ 대전광역시 녹색건축물 조성 지원 조례 (MST=1438947) — 조문 8개
  ✓ 광주광역시 녹색건축물 조성 지원 조례 (MST=1909353) — 조문 20개
  ✓ 울산광역시 녹색건축물 조성 지원 조례 (MST=1752547) — 조문 14개
  ✓ 세종특별자치시 녹색건축물 조성 지원 조례 (MST=1589831) — 조문 13개
  ✓ 수원시 녹색건축물 조성 지원 조례 (MST=1930121) — 조문 19개
  ✓ 고양시 녹색건축물 조성 지원 조례 (MST=1930259) — 조문 24개
  ✓ 용인시 녹색건축물 조성 지원 조례 (MST=1723039) — 조문 18개
  ✓ 창원시 녹색건축물 조성 지원 조례 (MST=1848069) — 조문 13개
  ✓ 제주특별자치도 녹색건축물 조성 지원 조례 (MST=2075843) — 조문 18개
  ✓ 성남시 녹색건축물 조성 지원 조례 (MST=2111401) — 조문 20개
  ✓ 청주시 녹색건축물 조성 지원 조례 (MST=1729613) — 조문 14개
  ✓ 전주시 녹색건축물 조성 지원 조례 (MST=1899039) — 조문 14개
  ✓ 천안시 녹색건축물 조성 지원 조례 (MST=1968823) — 조문 12개

[2] 엣지 추출

[2.5] 판례(대법원) fetch
  ✓ 판례 100건, 조문 연결 270건

[2.6] 법령해석례 fetch
  ✓ 해석례 150건, 조문 연결 1307건

[3] 저장 완료 → D:\APPS\arch-law-graph\data\graph.json
  law=29  고시=17  조례=70  판례=100  해석례=150  node=8936  edge=26834
  edge_types={'contains': 7135, 'delegates': 20, 'references': 9671, 'cross_law': 6432, 'byeolpyo': 2018, 'applied': 251, 'interpreted': 1307}
